<?xml version="1.0" encoding="UTF-8"?>
<!-- Generated by org.testng.reporters.JUnitReportReporter -->
<testsuite hostname="PE-HO-606" failures="0" tests="1" name="com.testNG.RunTestNG" time="91.621" errors="0" timestamp="2023-03-02T12:55:42 COT" skipped="0">
  <testcase classname="com.testNG.RunTestNG" name="DemoAdvantageTestNG" time="91.621"/>
  <system-out/>
</testsuite> <!-- com.testNG.RunTestNG -->
